<?xml version="1.0" encoding="UTF-8"?>
<!-- Generated by org.testng.reporters.JUnitXMLReporter -->
<testsuite hostname="USBLRPIYUSHGUP6" ignored="1" name="Test Cases" tests="2" failures="0" timestamp="17 Apr 2019 16:27:10 GMT" time="49.761" errors="0">
  <testcase name="ValidateCreateNewContact" time="6.871" classname="com.crm.qa.testcases.LoginPageTest"/>
  <testcase name="ValidateCreateNewContact" time="6.84" classname="com.crm.qa.testcases.LoginPageTest"/>
  <testcase name="EnterText" time="0.0" classname="com.crm.qa.testcases.LoginPageTest">
    <ignored/>
  </testcase> <!-- EnterText -->
</testsuite> <!-- Test Cases -->
